<?xml version="1.0" encoding="UTF-8"?>
<coverage generated="1777804126126" clover="3.2.0">
  <project timestamp="1777804126126" name="All files">
    <metrics statements="162" coveredstatements="149" conditionals="133" coveredconditionals="116" methods="68" coveredmethods="60" elements="363" coveredelements="325" complexity="0" loc="162" ncloc="162" packages="4" files="10" classes="10"/>
    <package name="src">
      <metrics statements="25" coveredstatements="22" conditionals="22" coveredconditionals="21" methods="14" coveredmethods="13"/>
      <file name="App.jsx" path="/Users/skamboj/sh/pw/election_process_edu/frontend/src/App.jsx">
        <metrics statements="25" coveredstatements="22" conditionals="22" coveredconditionals="21" methods="14" coveredmethods="13"/>
        <line num="5" count="1" type="stmt"/>
        <line num="6" count="1" type="stmt"/>
        <line num="7" count="1" type="stmt"/>
        <line num="9" count="1" type="stmt"/>
        <line num="12" count="5" type="stmt"/>
        <line num="21" count="15" type="stmt"/>
        <line num="22" count="15" type="stmt"/>
        <line num="23" count="15" type="stmt"/>
        <line num="24" count="15" type="stmt"/>
        <line num="25" count="15" type="stmt"/>
        <line num="27" count="15" type="stmt"/>
        <line num="28" count="11" type="stmt"/>
        <line num="32" count="15" type="stmt"/>
        <line num="34" count="1" type="cond" truecount="3" falsecount="1"/>
        <line num="35" count="1" type="stmt"/>
        <line num="38" count="12" type="cond" truecount="2" falsecount="0"/>
        <line num="39" count="12" type="stmt"/>
        <line num="42" count="15" type="stmt"/>
        <line num="70" count="2" type="stmt"/>
        <line num="89" count="20" type="stmt"/>
        <line num="97" count="0" type="stmt"/>
        <line num="98" count="0" type="stmt"/>
        <line num="99" count="0" type="stmt"/>
        <line num="114" count="42" type="stmt"/>
        <line num="126" count="2" type="stmt"/>
      </file>
    </package>
    <package name="src.components">
      <metrics statements="126" coveredstatements="116" conditionals="106" coveredconditionals="90" methods="48" coveredmethods="41"/>
      <file name="Chat.jsx" path="/Users/skamboj/sh/pw/election_process_edu/frontend/src/components/Chat.jsx">
        <metrics statements="83" coveredstatements="73" conditionals="72" coveredconditionals="61" methods="30" coveredmethods="24"/>
        <line num="8" count="4" type="stmt"/>
        <line num="18" count="96" type="cond" truecount="1" falsecount="1"/>
        <line num="19" count="96" type="stmt"/>
        <line num="20" count="96" type="stmt"/>
        <line num="21" count="96" type="stmt"/>
        <line num="23" count="96" type="stmt"/>
        <line num="25" count="96" type="stmt"/>
        <line num="26" count="96" type="stmt"/>
        <line num="27" count="96" type="stmt"/>
        <line num="29" count="96" type="stmt"/>
        <line num="30" count="49" type="stmt"/>
        <line num="34" count="96" type="stmt"/>
        <line num="35" count="23" type="stmt"/>
        <line num="36" count="23" type="stmt"/>
        <line num="37" count="23" type="cond" truecount="1" falsecount="1"/>
        <line num="38" count="0" type="stmt"/>
        <line num="39" count="0" type="stmt"/>
        <line num="43" count="96" type="stmt"/>
        <line num="44" count="13" type="cond" truecount="2" falsecount="0"/>
        <line num="45" count="13" type="cond" truecount="3" falsecount="1"/>
        <line num="47" count="13" type="stmt"/>
        <line num="48" count="13" type="stmt"/>
        <line num="49" count="13" type="stmt"/>
        <line num="50" count="13" type="stmt"/>
        <line num="51" count="13" type="stmt"/>
        <line num="53" count="13" type="stmt"/>
        <line num="54" count="13" type="stmt"/>
        <line num="60" count="12" type="cond" truecount="2" falsecount="0"/>
        <line num="61" count="1" type="stmt"/>
        <line num="62" count="1" type="cond" truecount="1" falsecount="1"/>
        <line num="65" count="11" type="stmt"/>
        <line num="66" count="11" type="stmt"/>
        <line num="75" count="2" type="stmt"/>
        <line num="80" count="13" type="stmt"/>
        <line num="84" count="96" type="stmt"/>
        <line num="85" count="2" type="cond" truecount="4" falsecount="0"/>
        <line num="86" count="1" type="stmt"/>
        <line num="87" count="1" type="stmt"/>
        <line num="91" count="96" type="stmt"/>
        <line num="93" count="1" type="cond" truecount="1" falsecount="1"/>
        <line num="94" count="0" type="stmt"/>
        <line num="95" count="0" type="stmt"/>
        <line num="98" count="1" type="stmt"/>
        <line num="99" count="1" type="stmt"/>
        <line num="101" count="1" type="stmt"/>
        <line num="102" count="1" type="stmt"/>
        <line num="103" count="1" type="stmt"/>
        <line num="109" count="1" type="cond" truecount="1" falsecount="1"/>
        <line num="110" count="1" type="stmt"/>
        <line num="111" count="1" type="cond" truecount="1" falsecount="1"/>
        <line num="114" count="0" type="stmt"/>
        <line num="115" count="0" type="stmt"/>
        <line num="116" count="0" type="stmt"/>
        <line num="117" count="0" type="stmt"/>
        <line num="118" count="0" type="stmt"/>
        <line num="119" count="0" type="stmt"/>
        <line num="121" count="1" type="stmt"/>
        <line num="125" count="96" type="stmt"/>
        <line num="127" count="4" type="cond" truecount="2" falsecount="0"/>
        <line num="128" count="1" type="stmt"/>
        <line num="129" count="1" type="stmt"/>
        <line num="130" count="1" type="stmt"/>
        <line num="131" count="1" type="stmt"/>
        <line num="133" count="1" type="stmt"/>
        <line num="136" count="3" type="stmt"/>
        <line num="137" count="3" type="stmt"/>
        <line num="139" count="3" type="stmt"/>
        <line num="140" count="3" type="stmt"/>
        <line num="146" count="3" type="cond" truecount="2" falsecount="0"/>
        <line num="147" count="1" type="stmt"/>
        <line num="148" count="1" type="cond" truecount="1" falsecount="1"/>
        <line num="151" count="2" type="stmt"/>
        <line num="152" count="2" type="stmt"/>
        <line num="157" count="1" type="stmt"/>
        <line num="164" count="96" type="stmt"/>
        <line num="166" count="96" type="stmt"/>
        <line num="181" count="360" type="stmt"/>
        <line num="183" count="1" type="stmt"/>
        <line num="194" count="57" type="stmt"/>
        <line num="229" count="1" type="stmt"/>
        <line num="241" count="4" type="stmt"/>
        <line num="283" count="11" type="stmt"/>
        <line num="290" count="14" type="stmt"/>
      </file>
      <file name="ElectionTimeline.jsx" path="/Users/skamboj/sh/pw/election_process_edu/frontend/src/components/ElectionTimeline.jsx">
        <metrics statements="7" coveredstatements="7" conditionals="6" coveredconditionals="4" methods="4" coveredmethods="4"/>
        <line num="5" count="2" type="cond" truecount="2" falsecount="0"/>
        <line num="8" count="14" type="cond" truecount="1" falsecount="1"/>
        <line num="12" count="14" type="stmt"/>
        <line num="34" count="16" type="cond" truecount="1" falsecount="1"/>
        <line num="36" count="16" type="stmt"/>
        <line num="48" count="84" type="stmt"/>
        <line num="58" count="180" type="stmt"/>
      </file>
      <file name="TopicCards.jsx" path="/Users/skamboj/sh/pw/election_process_edu/frontend/src/components/TopicCards.jsx">
        <metrics statements="3" coveredstatements="3" conditionals="2" coveredconditionals="1" methods="2" coveredmethods="2"/>
        <line num="5" count="7" type="cond" truecount="1" falsecount="1"/>
        <line num="7" count="7" type="stmt"/>
        <line num="17" count="70" type="stmt"/>
      </file>
      <file name="YouTubeVideos.jsx" path="/Users/skamboj/sh/pw/election_process_edu/frontend/src/components/YouTubeVideos.jsx">
        <metrics statements="33" coveredstatements="33" conditionals="26" coveredconditionals="24" methods="12" coveredmethods="11"/>
        <line num="3" count="3" type="stmt"/>
        <line num="147" count="3" type="stmt"/>
        <line num="150" count="17" type="stmt"/>
        <line num="152" count="17" type="cond" truecount="4" falsecount="0"/>
        <line num="153" count="1" type="stmt"/>
        <line num="167" count="16" type="stmt"/>
        <line num="169" count="1" type="stmt"/>
        <line num="202" count="57" type="stmt"/>
        <line num="203" count="57" type="stmt"/>
        <line num="205" count="57" type="stmt"/>
        <line num="206" count="22" type="stmt"/>
        <line num="207" count="22" type="stmt"/>
        <line num="209" count="22" type="stmt"/>
        <line num="210" count="22" type="stmt"/>
        <line num="212" count="22" type="stmt"/>
        <line num="214" count="6" type="cond" truecount="2" falsecount="0"/>
        <line num="215" count="5" type="cond" truecount="1" falsecount="1"/>
        <line num="216" count="5" type="stmt"/>
        <line num="219" count="6" type="cond" truecount="2" falsecount="0"/>
        <line num="220" count="5" type="cond" truecount="1" falsecount="1"/>
        <line num="221" count="6" type="cond" truecount="2" falsecount="0"/>
        <line num="222" count="4" type="stmt"/>
        <line num="223" count="4" type="stmt"/>
        <line num="225" count="1" type="cond" truecount="2" falsecount="0"/>
        <line num="226" count="1" type="stmt"/>
        <line num="230" count="15" type="cond" truecount="2" falsecount="0"/>
        <line num="231" count="15" type="stmt"/>
        <line num="233" count="21" type="stmt"/>
        <line num="235" count="22" type="stmt"/>
        <line num="238" count="57" type="cond" truecount="2" falsecount="0"/>
        <line num="240" count="54" type="stmt"/>
        <line num="254" count="88" type="stmt"/>
        <line num="269" count="16" type="stmt"/>
      </file>
    </package>
    <package name="src.data">
      <metrics statements="4" coveredstatements="4" conditionals="0" coveredconditionals="0" methods="0" coveredmethods="0"/>
      <file name="countries.js" path="/Users/skamboj/sh/pw/election_process_edu/frontend/src/data/countries.js">
        <metrics statements="1" coveredstatements="1" conditionals="0" coveredconditionals="0" methods="0" coveredmethods="0"/>
        <line num="6" count="1" type="stmt"/>
      </file>
      <file name="suggestions.js" path="/Users/skamboj/sh/pw/election_process_edu/frontend/src/data/suggestions.js">
        <metrics statements="1" coveredstatements="1" conditionals="0" coveredconditionals="0" methods="0" coveredmethods="0"/>
        <line num="5" count="2" type="stmt"/>
      </file>
      <file name="timelines.js" path="/Users/skamboj/sh/pw/election_process_edu/frontend/src/data/timelines.js">
        <metrics statements="1" coveredstatements="1" conditionals="0" coveredconditionals="0" methods="0" coveredmethods="0"/>
        <line num="6" count="2" type="stmt"/>
      </file>
      <file name="topics.js" path="/Users/skamboj/sh/pw/election_process_edu/frontend/src/data/topics.js">
        <metrics statements="1" coveredstatements="1" conditionals="0" coveredconditionals="0" methods="0" coveredmethods="0"/>
        <line num="5" count="2" type="stmt"/>
      </file>
    </package>
    <package name="src.utils">
      <metrics statements="7" coveredstatements="7" conditionals="5" coveredconditionals="5" methods="6" coveredmethods="6"/>
      <file name="analytics.js" path="/Users/skamboj/sh/pw/election_process_edu/frontend/src/utils/analytics.js">
        <metrics statements="7" coveredstatements="7" conditionals="5" coveredconditionals="5" methods="6" coveredmethods="6"/>
        <line num="12" count="26" type="cond" truecount="4" falsecount="0"/>
        <line num="13" count="6" type="stmt"/>
        <line num="23" count="14" type="stmt"/>
        <line num="36" count="1" type="stmt"/>
        <line num="48" count="3" type="stmt"/>
        <line num="60" count="4" type="stmt"/>
        <line num="72" count="2" type="stmt"/>
      </file>
    </package>
  </project>
</coverage>
