{"/Users/skamboj/sh/pw/election_process_edu/frontend/src/App.jsx": {"path":"/Users/skamboj/sh/pw/election_process_edu/frontend/src/App.jsx","statementMap":{"0":{"start":{"line":5,"column":6},"end":{"line":5,"column":null}},"1":{"start":{"line":5,"column":24},"end":{"line":5,"column":null}},"2":{"start":{"line":6,"column":6},"end":{"line":6,"column":null}},"3":{"start":{"line":6,"column":28},"end":{"line":6,"column":null}},"4":{"start":{"line":7,"column":6},"end":{"line":7,"column":null}},"5":{"start":{"line":7,"column":30},"end":{"line":7,"column":null}},"6":{"start":{"line":9,"column":13},"end":{"line":9,"column":null}},"7":{"start":{"line":12,"column":2},"end":{"line":15,"column":null}},"8":{"start":{"line":21,"column":18},"end":{"line":21,"column":54}},"9":{"start":{"line":22,"column":14},"end":{"line":22,"column":44}},"10":{"start":{"line":23,"column":23},"end":{"line":23,"column":57}},"11":{"start":{"line":24,"column":8},"end":{"line":24,"column":31}},"12":{"start":{"line":25,"column":8},"end":{"line":25,"column":34}},"13":{"start":{"line":27,"column":2},"end":{"line":29,"column":null}},"14":{"start":{"line":28,"column":4},"end":{"line":28,"column":null}},"15":{"start":{"line":32,"column":2},"end":{"line":40,"column":null}},"16":{"start":{"line":34,"column":6},"end":{"line":35,"column":null}},"17":{"start":{"line":35,"column":8},"end":{"line":35,"column":null}},"18":{"start":{"line":38,"column":4},"end":{"line":38,"column":null}},"19":{"start":{"line":38,"column":22},"end":{"line":38,"column":null}},"20":{"start":{"line":39,"column":4},"end":{"line":39,"column":null}},"21":{"start":{"line":39,"column":17},"end":{"line":39,"column":71}},"22":{"start":{"line":42,"column":2},"end":{"line":156,"column":null}},"23":{"start":{"line":70,"column":31},"end":{"line":70,"column":61}},"24":{"start":{"line":89,"column":20},"end":{"line":105,"column":null}},"25":{"start":{"line":97,"column":24},"end":{"line":97,"column":null}},"26":{"start":{"line":98,"column":24},"end":{"line":98,"column":null}},"27":{"start":{"line":99,"column":24},"end":{"line":99,"column":null}},"28":{"start":{"line":114,"column":16},"end":{"line":129,"column":null}},"29":{"start":{"line":126,"column":35},"end":{"line":126,"column":55}},"30":{"start":{"line":126,"column":55},"end":{"line":126,"column":null}}},"fnMap":{"0":{"name":"(anonymous_0)","decl":{"start":{"line":5,"column":13},"end":{"line":5,"column":24}},"loc":{"start":{"line":5,"column":24},"end":{"line":5,"column":null}},"line":5},"1":{"name":"(anonymous_1)","decl":{"start":{"line":6,"column":17},"end":{"line":6,"column":28}},"loc":{"start":{"line":6,"column":28},"end":{"line":6,"column":null}},"line":6},"2":{"name":"(anonymous_2)","decl":{"start":{"line":7,"column":19},"end":{"line":7,"column":30}},"loc":{"start":{"line":7,"column":30},"end":{"line":7,"column":null}},"line":7},"3":{"name":"LoadingSpinner","decl":{"start":{"line":11,"column":9},"end":{"line":11,"column":26}},"loc":{"start":{"line":11,"column":26},"end":{"line":15,"column":null}},"line":11},"4":{"name":"App","decl":{"start":{"line":20,"column":24},"end":{"line":20,"column":30}},"loc":{"start":{"line":20,"column":30},"end":{"line":156,"column":null}},"line":20},"5":{"name":"(anonymous_5)","decl":{"start":{"line":27,"column":2},"end":{"line":27,"column":18}},"loc":{"start":{"line":27,"column":18},"end":{"line":29,"column":6}},"line":27},"6":{"name":"(anonymous_6)","decl":{"start":{"line":32,"column":2},"end":{"line":32,"column":18}},"loc":{"start":{"line":32,"column":18},"end":{"line":40,"column":6}},"line":32},"7":{"name":"handleClick","decl":{"start":{"line":33,"column":13},"end":{"line":33,"column":25}},"loc":{"start":{"line":33,"column":28},"end":{"line":35,"column":null}},"line":33},"8":{"name":"(anonymous_8)","decl":{"start":{"line":39,"column":4},"end":{"line":39,"column":17}},"loc":{"start":{"line":39,"column":17},"end":{"line":39,"column":71}},"line":39},"9":{"name":"(anonymous_9)","decl":{"start":{"line":70,"column":16},"end":{"line":70,"column":31}},"loc":{"start":{"line":70,"column":31},"end":{"line":70,"column":61}},"line":70},"10":{"name":"(anonymous_10)","decl":{"start":{"line":88,"column":29},"end":{"line":88,"column":34}},"loc":{"start":{"line":89,"column":20},"end":{"line":105,"column":null}},"line":89},"11":{"name":"(anonymous_11)","decl":{"start":{"line":96,"column":22},"end":{"line":96,"column":37}},"loc":{"start":{"line":96,"column":37},"end":{"line":99,"column":null}},"line":96},"12":{"name":"(anonymous_12)","decl":{"start":{"line":113,"column":20},"end":{"line":113,"column":25}},"loc":{"start":{"line":114,"column":16},"end":{"line":129,"column":null}},"line":114},"13":{"name":"(anonymous_13)","decl":{"start":{"line":126,"column":18},"end":{"line":126,"column":33}},"loc":{"start":{"line":126,"column":33},"end":{"line":126,"column":null}},"line":126}},"branchMap":{"0":{"loc":{"start":{"line":34,"column":6},"end":{"line":35,"column":null}},"type":"if","locations":[{"start":{"line":34,"column":6},"end":{"line":35,"column":null}},{"start":{},"end":{}}],"line":34},"1":{"loc":{"start":{"line":34,"column":10},"end":{"line":34,"column":72}},"type":"binary-expr","locations":[{"start":{"line":34,"column":10},"end":{"line":34,"column":33}},{"start":{"line":34,"column":33},"end":{"line":34,"column":72}}],"line":34},"2":{"loc":{"start":{"line":38,"column":4},"end":{"line":38,"column":null}},"type":"if","locations":[{"start":{"line":38,"column":4},"end":{"line":38,"column":null}},{"start":{},"end":{}}],"line":38},"3":{"loc":{"start":{"line":82,"column":15},"end":{"line":107,"column":null}},"type":"binary-expr","locations":[{"start":{"line":82,"column":15},"end":{"line":82,"column":null}},{"start":{"line":83,"column":16},"end":{"line":107,"column":null}}],"line":82},"4":{"loc":{"start":{"line":94,"column":24},"end":{"line":94,"column":null}},"type":"cond-expr","locations":[{"start":{"line":94,"column":46},"end":{"line":94,"column":75}},{"start":{"line":94,"column":75},"end":{"line":94,"column":null}}],"line":94},"5":{"loc":{"start":{"line":104,"column":23},"end":{"line":104,"column":null}},"type":"binary-expr","locations":[{"start":{"line":104,"column":23},"end":{"line":104,"column":46}},{"start":{"line":104,"column":46},"end":{"line":104,"column":null}}],"line":104},"6":{"loc":{"start":{"line":121,"column":20},"end":{"line":123,"column":null}},"type":"cond-expr","locations":[{"start":{"line":122,"column":24},"end":{"line":122,"column":null}},{"start":{"line":123,"column":24},"end":{"line":123,"column":null}}],"line":121},"7":{"loc":{"start":{"line":125,"column":25},"end":{"line":125,"column":147}},"type":"cond-expr","locations":[{"start":{"line":125,"column":37},"end":{"line":125,"column":110}},{"start":{"line":125,"column":110},"end":{"line":125,"column":147}}],"line":125},"8":{"loc":{"start":{"line":146,"column":13},"end":{"line":146,"column":null}},"type":"binary-expr","locations":[{"start":{"line":146,"column":13},"end":{"line":146,"column":30}},{"start":{"line":146,"column":30},"end":{"line":146,"column":null}}],"line":146},"9":{"loc":{"start":{"line":147,"column":13},"end":{"line":147,"column":null}},"type":"binary-expr","locations":[{"start":{"line":147,"column":13},"end":{"line":147,"column":35}},{"start":{"line":147,"column":35},"end":{"line":147,"column":null}}],"line":147},"10":{"loc":{"start":{"line":148,"column":13},"end":{"line":148,"column":null}},"type":"binary-expr","locations":[{"start":{"line":148,"column":13},"end":{"line":148,"column":33}},{"start":{"line":148,"column":33},"end":{"line":148,"column":null}}],"line":148}},"s":{"0":1,"1":1,"2":1,"3":1,"4":1,"5":1,"6":1,"7":5,"8":15,"9":15,"10":15,"11":15,"12":15,"13":15,"14":11,"15":15,"16":1,"17":1,"18":12,"19":2,"20":12,"21":12,"22":15,"23":2,"24":20,"25":0,"26":0,"27":0,"28":42,"29":2,"30":2},"f":{"0":1,"1":1,"2":1,"3":5,"4":15,"5":11,"6":12,"7":1,"8":12,"9":2,"10":20,"11":0,"12":42,"13":2},"b":{"0":[1,0],"1":[1,1],"2":[2,10],"3":[15,2],"4":[2,18],"5":[20,2],"6":[14,28],"7":[14,28],"8":[15,1],"9":[15,12],"10":[15,1]},"meta":{"lastBranch":11,"lastFunction":14,"lastStatement":31,"seen":{"s:5:6:5:Infinity":0,"f:5:13:5:24":0,"s:5:24:5:Infinity":1,"s:6:6:6:Infinity":2,"f:6:17:6:28":1,"s:6:28:6:Infinity":3,"s:7:6:7:Infinity":4,"f:7:19:7:30":2,"s:7:30:7:Infinity":5,"s:9:13:9:Infinity":6,"f:11:9:11:26":3,"s:12:2:15:Infinity":7,"f:20:24:20:30":4,"s:21:18:21:54":8,"s:22:14:22:44":9,"s:23:23:23:57":10,"s:24:8:24:31":11,"s:25:8:25:34":12,"s:27:2:29:Infinity":13,"f:27:2:27:18":5,"s:28:4:28:Infinity":14,"s:32:2:40:Infinity":15,"f:32:2:32:18":6,"f:33:13:33:25":7,"b:34:6:35:Infinity:undefined:undefined:undefined:undefined":0,"s:34:6:35:Infinity":16,"b:34:10:34:33:34:33:34:72":1,"s:35:8:35:Infinity":17,"b:38:4:38:Infinity:undefined:undefined:undefined:undefined":2,"s:38:4:38:Infinity":18,"s:38:22:38:Infinity":19,"s:39:4:39:Infinity":20,"f:39:4:39:17":8,"s:39:17:39:71":21,"s:42:2:156:Infinity":22,"f:70:16:70:31":9,"s:70:31:70:61":23,"b:82:15:82:Infinity:83:16:107:Infinity":3,"f:88:29:88:34":10,"s:89:20:105:Infinity":24,"b:94:46:94:75:94:75:94:Infinity":4,"f:96:22:96:37":11,"s:97:24:97:Infinity":25,"s:98:24:98:Infinity":26,"s:99:24:99:Infinity":27,"b:104:23:104:46:104:46:104:Infinity":5,"f:113:20:113:25":12,"s:114:16:129:Infinity":28,"b:122:24:122:Infinity:123:24:123:Infinity":6,"b:125:37:125:110:125:110:125:147":7,"f:126:18:126:33":13,"s:126:35:126:55":29,"s:126:55:126:Infinity":30,"b:146:13:146:30:146:30:146:Infinity":8,"b:147:13:147:35:147:35:147:Infinity":9,"b:148:13:148:33:148:33:148:Infinity":10}}}
,"/Users/skamboj/sh/pw/election_process_edu/frontend/src/components/Chat.jsx": {"path":"/Users/skamboj/sh/pw/election_process_edu/frontend/src/components/Chat.jsx","statementMap":{"0":{"start":{"line":8,"column":2},"end":{"line":14,"column":null}},"1":{"start":{"line":18,"column":22},"end":{"line":18,"column":null}},"2":{"start":{"line":19,"column":19},"end":{"line":19,"column":46}},"3":{"start":{"line":20,"column":16},"end":{"line":20,"column":40}},"4":{"start":{"line":21,"column":18},"end":{"line":21,"column":47}},"5":{"start":{"line":23,"column":19},"end":{"line":23,"column":46}},"6":{"start":{"line":25,"column":29},"end":{"line":25,"column":66}},"7":{"start":{"line":26,"column":8},"end":{"line":26,"column":32}},"8":{"start":{"line":27,"column":8},"end":{"line":27,"column":31}},"9":{"start":{"line":29,"column":2},"end":{"line":31,"column":null}},"10":{"start":{"line":30,"column":4},"end":{"line":30,"column":null}},"11":{"start":{"line":34,"column":2},"end":{"line":41,"column":null}},"12":{"start":{"line":35,"column":4},"end":{"line":35,"column":null}},"13":{"start":{"line":36,"column":4},"end":{"line":36,"column":null}},"14":{"start":{"line":37,"column":4},"end":{"line":39,"column":null}},"15":{"start":{"line":38,"column":6},"end":{"line":38,"column":null}},"16":{"start":{"line":39,"column":6},"end":{"line":39,"column":null}},"17":{"start":{"line":43,"column":8},"end":{"line":82,"column":31}},"18":{"start":{"line":44,"column":10},"end":{"line":44,"column":40}},"19":{"start":{"line":45,"column":4},"end":{"line":45,"column":null}},"20":{"start":{"line":45,"column":23},"end":{"line":45,"column":null}},"21":{"start":{"line":47,"column":20},"end":{"line":47,"column":null}},"22":{"start":{"line":48,"column":4},"end":{"line":48,"column":null}},"23":{"start":{"line":48,"column":26},"end":{"line":48,"column":44}},"24":{"start":{"line":49,"column":4},"end":{"line":49,"column":null}},"25":{"start":{"line":50,"column":4},"end":{"line":50,"column":null}},"26":{"start":{"line":51,"column":4},"end":{"line":51,"column":null}},"27":{"start":{"line":53,"column":4},"end":{"line":80,"column":null}},"28":{"start":{"line":54,"column":18},"end":{"line":58,"column":8}},"29":{"start":{"line":60,"column":6},"end":{"line":62,"column":null}},"30":{"start":{"line":61,"column":20},"end":{"line":61,"column":78}},"31":{"start":{"line":61,"column":50},"end":{"line":61,"column":76}},"32":{"start":{"line":62,"column":8},"end":{"line":62,"column":null}},"33":{"start":{"line":65,"column":19},"end":{"line":65,"column":35}},"34":{"start":{"line":66,"column":6},"end":{"line":73,"column":null}},"35":{"start":{"line":66,"column":28},"end":{"line":72,"column":null}},"36":{"start":{"line":75,"column":6},"end":{"line":78,"column":null}},"37":{"start":{"line":75,"column":28},"end":{"line":77,"column":null}},"38":{"start":{"line":80,"column":6},"end":{"line":80,"column":null}},"39":{"start":{"line":84,"column":8},"end":{"line":89,"column":19}},"40":{"start":{"line":85,"column":4},"end":{"line":87,"column":null}},"41":{"start":{"line":86,"column":6},"end":{"line":86,"column":null}},"42":{"start":{"line":87,"column":6},"end":{"line":87,"column":null}},"43":{"start":{"line":91,"column":8},"end":{"line":123,"column":15}},"44":{"start":{"line":93,"column":4},"end":{"line":95,"column":null}},"45":{"start":{"line":94,"column":6},"end":{"line":94,"column":null}},"46":{"start":{"line":95,"column":6},"end":{"line":95,"column":null}},"47":{"start":{"line":98,"column":4},"end":{"line":98,"column":null}},"48":{"start":{"line":98,"column":27},"end":{"line":98,"column":63}},"49":{"start":{"line":99,"column":4},"end":{"line":99,"column":null}},"50":{"start":{"line":101,"column":4},"end":{"line":121,"column":null}},"51":{"start":{"line":102,"column":20},"end":{"line":102,"column":54}},"52":{"start":{"line":103,"column":18},"end":{"line":107,"column":8}},"53":{"start":{"line":109,"column":6},"end":{"line":111,"column":null}},"54":{"start":{"line":110,"column":20},"end":{"line":110,"column":76}},"55":{"start":{"line":110,"column":50},"end":{"line":110,"column":74}},"56":{"start":{"line":111,"column":8},"end":{"line":111,"column":null}},"57":{"start":{"line":114,"column":19},"end":{"line":114,"column":35}},"58":{"start":{"line":115,"column":20},"end":{"line":115,"column":75}},"59":{"start":{"line":116,"column":6},"end":{"line":116,"column":null}},"60":{"start":{"line":117,"column":6},"end":{"line":117,"column":null}},"61":{"start":{"line":118,"column":6},"end":{"line":118,"column":null}},"62":{"start":{"line":118,"column":29},"end":{"line":118,"column":65}},"63":{"start":{"line":119,"column":6},"end":{"line":119,"column":null}},"64":{"start":{"line":119,"column":28},"end":{"line":119,"column":82}},"65":{"start":{"line":119,"column":51},"end":{"line":119,"column":82}},"66":{"start":{"line":121,"column":6},"end":{"line":121,"column":null}},"67":{"start":{"line":121,"column":29},"end":{"line":121,"column":63}},"68":{"start":{"line":125,"column":8},"end":{"line":162,"column":35}},"69":{"start":{"line":127,"column":4},"end":{"line":133,"column":null}},"70":{"start":{"line":128,"column":6},"end":{"line":132,"column":null}},"71":{"start":{"line":129,"column":21},"end":{"line":129,"column":32}},"72":{"start":{"line":130,"column":8},"end":{"line":130,"column":null}},"73":{"start":{"line":131,"column":8},"end":{"line":131,"column":null}},"74":{"start":{"line":133,"column":6},"end":{"line":133,"column":null}},"75":{"start":{"line":136,"column":4},"end":{"line":136,"column":null}},"76":{"start":{"line":136,"column":37},"end":{"line":136,"column":81}},"77":{"start":{"line":137,"column":4},"end":{"line":137,"column":null}},"78":{"start":{"line":139,"column":4},"end":{"line":160,"column":null}},"79":{"start":{"line":140,"column":18},"end":{"line":144,"column":8}},"80":{"start":{"line":146,"column":6},"end":{"line":148,"column":null}},"81":{"start":{"line":147,"column":20},"end":{"line":147,"column":84}},"82":{"start":{"line":147,"column":50},"end":{"line":147,"column":82}},"83":{"start":{"line":148,"column":8},"end":{"line":148,"column":null}},"84":{"start":{"line":151,"column":19},"end":{"line":151,"column":35}},"85":{"start":{"line":152,"column":6},"end":{"line":155,"column":null}},"86":{"start":{"line":152,"column":39},"end":{"line":155,"column":9}},"87":{"start":{"line":157,"column":6},"end":{"line":160,"column":null}},"88":{"start":{"line":157,"column":39},"end":{"line":160,"column":9}},"89":{"start":{"line":164,"column":30},"end":{"line":164,"column":null}},"90":{"start":{"line":166,"column":2},"end":{"line":309,"column":null}},"91":{"start":{"line":181,"column":16},"end":{"line":187,"column":null}},"92":{"start":{"line":183,"column":33},"end":{"line":183,"column":47}},"93":{"start":{"line":194,"column":10},"end":{"line":264,"column":null}},"94":{"start":{"line":229,"column":39},"end":{"line":229,"column":67}},"95":{"start":{"line":241,"column":41},"end":{"line":241,"column":72}},"96":{"start":{"line":283,"column":66},"end":{"line":283,"column":86}},"97":{"start":{"line":283,"column":86},"end":{"line":283,"column":104}},"98":{"start":{"line":290,"column":29},"end":{"line":290,"column":53}}},"fnMap":{"0":{"name":"stripMarkdown","decl":{"start":{"line":7,"column":9},"end":{"line":7,"column":23}},"loc":{"start":{"line":7,"column":29},"end":{"line":14,"column":null}},"line":7},"1":{"name":"Chat","decl":{"start":{"line":17,"column":29},"end":{"line":17,"column":34}},"loc":{"start":{"line":17,"column":47},"end":{"line":313,"column":null}},"line":17},"2":{"name":"(anonymous_2)","decl":{"start":{"line":29,"column":2},"end":{"line":29,"column":18}},"loc":{"start":{"line":29,"column":18},"end":{"line":31,"column":6}},"line":29},"3":{"name":"(anonymous_3)","decl":{"start":{"line":34,"column":2},"end":{"line":34,"column":18}},"loc":{"start":{"line":34,"column":18},"end":{"line":41,"column":6}},"line":34},"4":{"name":"sendMessage","decl":{"start":{"line":43,"column":49},"end":{"line":43,"column":61}},"loc":{"start":{"line":43,"column":71},"end":{"line":82,"column":6}},"line":43},"5":{"name":"(anonymous_5)","decl":{"start":{"line":48,"column":4},"end":{"line":48,"column":17}},"loc":{"start":{"line":48,"column":26},"end":{"line":48,"column":44}},"line":48},"6":{"name":"(anonymous_6)","decl":{"start":{"line":61,"column":37},"end":{"line":61,"column":50}},"loc":{"start":{"line":61,"column":50},"end":{"line":61,"column":76}},"line":61},"7":{"name":"(anonymous_7)","decl":{"start":{"line":66,"column":6},"end":{"line":66,"column":19}},"loc":{"start":{"line":66,"column":28},"end":{"line":72,"column":null}},"line":66},"8":{"name":"(anonymous_8)","decl":{"start":{"line":75,"column":6},"end":{"line":75,"column":19}},"loc":{"start":{"line":75,"column":28},"end":{"line":77,"column":null}},"line":75},"9":{"name":"handleKeyDown","decl":{"start":{"line":84,"column":45},"end":{"line":84,"column":59}},"loc":{"start":{"line":84,"column":62},"end":{"line":89,"column":6}},"line":84},"10":{"name":"handleListen","decl":{"start":{"line":91,"column":50},"end":{"line":91,"column":63}},"loc":{"start":{"line":91,"column":79},"end":{"line":123,"column":6}},"line":91},"11":{"name":"(anonymous_11)","decl":{"start":{"line":98,"column":4},"end":{"line":98,"column":17}},"loc":{"start":{"line":98,"column":27},"end":{"line":98,"column":63}},"line":98},"12":{"name":"(anonymous_12)","decl":{"start":{"line":110,"column":37},"end":{"line":110,"column":50}},"loc":{"start":{"line":110,"column":50},"end":{"line":110,"column":74}},"line":110},"13":{"name":"(anonymous_13)","decl":{"start":{"line":118,"column":6},"end":{"line":118,"column":19}},"loc":{"start":{"line":118,"column":29},"end":{"line":118,"column":65}},"line":118},"14":{"name":"(anonymous_14)","decl":{"start":{"line":119,"column":12},"end":{"line":119,"column":28}},"loc":{"start":{"line":119,"column":28},"end":{"line":119,"column":82}},"line":119},"15":{"name":"(anonymous_15)","decl":{"start":{"line":119,"column":28},"end":{"line":119,"column":41}},"loc":{"start":{"line":119,"column":51},"end":{"line":119,"column":82}},"line":119},"16":{"name":"(anonymous_16)","decl":{"start":{"line":121,"column":6},"end":{"line":121,"column":19}},"loc":{"start":{"line":121,"column":29},"end":{"line":121,"column":63}},"line":121},"17":{"name":"handleTranslate","decl":{"start":{"line":125,"column":53},"end":{"line":125,"column":69}},"loc":{"start":{"line":125,"column":85},"end":{"line":162,"column":6}},"line":125},"18":{"name":"(anonymous_18)","decl":{"start":{"line":128,"column":6},"end":{"line":128,"column":29}},"loc":{"start":{"line":128,"column":38},"end":{"line":132,"column":null}},"line":128},"19":{"name":"(anonymous_19)","decl":{"start":{"line":136,"column":4},"end":{"line":136,"column":27}},"loc":{"start":{"line":136,"column":37},"end":{"line":136,"column":81}},"line":136},"20":{"name":"(anonymous_20)","decl":{"start":{"line":147,"column":37},"end":{"line":147,"column":50}},"loc":{"start":{"line":147,"column":50},"end":{"line":147,"column":82}},"line":147},"21":{"name":"(anonymous_21)","decl":{"start":{"line":152,"column":6},"end":{"line":152,"column":29}},"loc":{"start":{"line":152,"column":39},"end":{"line":155,"column":9}},"line":152},"22":{"name":"(anonymous_22)","decl":{"start":{"line":157,"column":6},"end":{"line":157,"column":29}},"loc":{"start":{"line":157,"column":39},"end":{"line":160,"column":9}},"line":157},"23":{"name":"(anonymous_23)","decl":{"start":{"line":180,"column":27},"end":{"line":180,"column":32}},"loc":{"start":{"line":181,"column":16},"end":{"line":187,"column":null}},"line":181},"24":{"name":"(anonymous_24)","decl":{"start":{"line":183,"column":18},"end":{"line":183,"column":33}},"loc":{"start":{"line":183,"column":33},"end":{"line":183,"column":47}},"line":183},"25":{"name":"(anonymous_25)","decl":{"start":{"line":193,"column":18},"end":{"line":193,"column":23}},"loc":{"start":{"line":194,"column":10},"end":{"line":264,"column":null}},"line":194},"26":{"name":"(anonymous_26)","decl":{"start":{"line":229,"column":24},"end":{"line":229,"column":39}},"loc":{"start":{"line":229,"column":39},"end":{"line":229,"column":67}},"line":229},"27":{"name":"(anonymous_27)","decl":{"start":{"line":241,"column":26},"end":{"line":241,"column":41}},"loc":{"start":{"line":241,"column":41},"end":{"line":241,"column":72}},"line":241},"28":{"name":"(anonymous_28)","decl":{"start":{"line":283,"column":47},"end":{"line":283,"column":58}},"loc":{"start":{"line":283,"column":64},"end":{"line":283,"column":104}},"line":283},"29":{"name":"(anonymous_29)","decl":{"start":{"line":290,"column":12},"end":{"line":290,"column":23}},"loc":{"start":{"line":290,"column":29},"end":{"line":290,"column":53}},"line":290}},"branchMap":{"0":{"loc":{"start":{"line":18,"column":22},"end":{"line":18,"column":null}},"type":"binary-expr","locations":[{"start":{"line":18,"column":22},"end":{"line":18,"column":60}},{"start":{"line":18,"column":60},"end":{"line":18,"column":null}}],"line":18},"1":{"loc":{"start":{"line":37,"column":4},"end":{"line":39,"column":null}},"type":"if","locations":[{"start":{"line":37,"column":4},"end":{"line":39,"column":null}},{"start":{},"end":{}}],"line":37},"2":{"loc":{"start":{"line":44,"column":15},"end":{"line":44,"column":34}},"type":"binary-expr","locations":[{"start":{"line":44,"column":15},"end":{"line":44,"column":27}},{"start":{"line":44,"column":27},"end":{"line":44,"column":34}}],"line":44},"3":{"loc":{"start":{"line":45,"column":4},"end":{"line":45,"column":null}},"type":"if","locations":[{"start":{"line":45,"column":4},"end":{"line":45,"column":null}},{"start":{},"end":{}}],"line":45},"4":{"loc":{"start":{"line":45,"column":8},"end":{"line":45,"column":23}},"type":"binary-expr","locations":[{"start":{"line":45,"column":8},"end":{"line":45,"column":14}},{"start":{"line":45,"column":14},"end":{"line":45,"column":23}}],"line":45},"5":{"loc":{"start":{"line":60,"column":6},"end":{"line":62,"column":null}},"type":"if","locations":[{"start":{"line":60,"column":6},"end":{"line":62,"column":null}},{"start":{},"end":{}}],"line":60},"6":{"loc":{"start":{"line":62,"column":24},"end":{"line":62,"column":59}},"type":"binary-expr","locations":[{"start":{"line":62,"column":24},"end":{"line":62,"column":38}},{"start":{"line":62,"column":38},"end":{"line":62,"column":59}}],"line":62},"7":{"loc":{"start":{"line":85,"column":4},"end":{"line":87,"column":null}},"type":"if","locations":[{"start":{"line":85,"column":4},"end":{"line":87,"column":null}},{"start":{},"end":{}}],"line":85},"8":{"loc":{"start":{"line":85,"column":8},"end":{"line":85,"column":42}},"type":"binary-expr","locations":[{"start":{"line":85,"column":8},"end":{"line":85,"column":29}},{"start":{"line":85,"column":29},"end":{"line":85,"column":42}}],"line":85},"9":{"loc":{"start":{"line":93,"column":4},"end":{"line":95,"column":null}},"type":"if","locations":[{"start":{"line":93,"column":4},"end":{"line":95,"column":null}},{"start":{},"end":{}}],"line":93},"10":{"loc":{"start":{"line":109,"column":6},"end":{"line":111,"column":null}},"type":"if","locations":[{"start":{"line":109,"column":6},"end":{"line":111,"column":null}},{"start":{},"end":{}}],"line":109},"11":{"loc":{"start":{"line":111,"column":24},"end":{"line":111,"column":59}},"type":"binary-expr","locations":[{"start":{"line":111,"column":24},"end":{"line":111,"column":38}},{"start":{"line":111,"column":38},"end":{"line":111,"column":59}}],"line":111},"12":{"loc":{"start":{"line":127,"column":4},"end":{"line":133,"column":null}},"type":"if","locations":[{"start":{"line":127,"column":4},"end":{"line":133,"column":null}},{"start":{},"end":{}}],"line":127},"13":{"loc":{"start":{"line":146,"column":6},"end":{"line":148,"column":null}},"type":"if","locations":[{"start":{"line":146,"column":6},"end":{"line":148,"column":null}},{"start":{},"end":{}}],"line":146},"14":{"loc":{"start":{"line":148,"column":24},"end":{"line":148,"column":59}},"type":"binary-expr","locations":[{"start":{"line":148,"column":24},"end":{"line":148,"column":38}},{"start":{"line":148,"column":38},"end":{"line":148,"column":59}}],"line":148},"15":{"loc":{"start":{"line":170,"column":9},"end":{"line":189,"column":null}},"type":"binary-expr","locations":[{"start":{"line":170,"column":9},"end":{"line":170,"column":null}},{"start":{"line":171,"column":10},"end":{"line":189,"column":null}}],"line":170},"16":{"loc":{"start":{"line":196,"column":31},"end":{"line":196,"column":null}},"type":"cond-expr","locations":[{"start":{"line":196,"column":53},"end":{"line":196,"column":69}},{"start":{"line":196,"column":69},"end":{"line":196,"column":null}}],"line":196},"17":{"loc":{"start":{"line":197,"column":18},"end":{"line":197,"column":null}},"type":"cond-expr","locations":[{"start":{"line":197,"column":32},"end":{"line":197,"column":42}},{"start":{"line":197,"column":42},"end":{"line":197,"column":null}}],"line":197},"18":{"loc":{"start":{"line":201,"column":16},"end":{"line":203,"column":null}},"type":"cond-expr","locations":[{"start":{"line":202,"column":20},"end":{"line":202,"column":null}},{"start":{"line":203,"column":20},"end":{"line":203,"column":null}}],"line":201},"19":{"loc":{"start":{"line":205,"column":21},"end":{"line":205,"column":null}},"type":"cond-expr","locations":[{"start":{"line":205,"column":43},"end":{"line":205,"column":78}},{"start":{"line":205,"column":81},"end":{"line":205,"column":null}}],"line":205},"20":{"loc":{"start":{"line":207,"column":15},"end":{"line":261,"column":null}},"type":"cond-expr","locations":[{"start":{"line":208,"column":16},"end":{"line":261,"column":17}},{"start":{"line":261,"column":16},"end":{"line":261,"column":null}}],"line":207},"21":{"loc":{"start":{"line":212,"column":19},"end":{"line":213,"column":null}},"type":"binary-expr","locations":[{"start":{"line":212,"column":19},"end":{"line":212,"column":null}},{"start":{"line":213,"column":20},"end":{"line":213,"column":null}}],"line":212},"22":{"loc":{"start":{"line":215,"column":19},"end":{"line":218,"column":null}},"type":"binary-expr","locations":[{"start":{"line":215,"column":19},"end":{"line":215,"column":null}},{"start":{"line":216,"column":20},"end":{"line":218,"column":null}}],"line":215},"23":{"loc":{"start":{"line":221,"column":19},"end":{"line":222,"column":null}},"type":"binary-expr","locations":[{"start":{"line":221,"column":19},"end":{"line":221,"column":null}},{"start":{"line":222,"column":20},"end":{"line":222,"column":null}}],"line":221},"24":{"loc":{"start":{"line":226,"column":19},"end":{"line":248,"column":null}},"type":"binary-expr","locations":[{"start":{"line":226,"column":19},"end":{"line":226,"column":null}},{"start":{"line":227,"column":20},"end":{"line":248,"column":null}}],"line":226},"25":{"loc":{"start":{"line":231,"column":36},"end":{"line":231,"column":null}},"type":"cond-expr","locations":[{"start":{"line":231,"column":64},"end":{"line":231,"column":82}},{"start":{"line":231,"column":82},"end":{"line":231,"column":null}}],"line":231},"26":{"loc":{"start":{"line":235,"column":25},"end":{"line":235,"column":null}},"type":"cond-expr","locations":[{"start":{"line":235,"column":53},"end":{"line":235,"column":59}},{"start":{"line":235,"column":59},"end":{"line":235,"column":null}}],"line":235},"27":{"loc":{"start":{"line":235,"column":59},"end":{"line":235,"column":null}},"type":"cond-expr","locations":[{"start":{"line":235,"column":87},"end":{"line":235,"column":94}},{"start":{"line":235,"column":94},"end":{"line":235,"column":null}}],"line":235},"28":{"loc":{"start":{"line":236,"column":31},"end":{"line":236,"column":128}},"type":"cond-expr","locations":[{"start":{"line":236,"column":59},"end":{"line":236,"column":72}},{"start":{"line":236,"column":72},"end":{"line":236,"column":128}}],"line":236},"29":{"loc":{"start":{"line":236,"column":72},"end":{"line":236,"column":128}},"type":"cond-expr","locations":[{"start":{"line":236,"column":100},"end":{"line":236,"column":112}},{"start":{"line":236,"column":112},"end":{"line":236,"column":128}}],"line":236},"30":{"loc":{"start":{"line":239,"column":23},"end":{"line":248,"column":null}},"type":"binary-expr","locations":[{"start":{"line":239,"column":23},"end":{"line":239,"column":null}},{"start":{"line":240,"column":24},"end":{"line":248,"column":null}}],"line":239},"31":{"loc":{"start":{"line":243,"column":38},"end":{"line":243,"column":null}},"type":"cond-expr","locations":[{"start":{"line":243,"column":68},"end":{"line":243,"column":113}},{"start":{"line":243,"column":113},"end":{"line":243,"column":null}}],"line":243},"32":{"loc":{"start":{"line":248,"column":33},"end":{"line":248,"column":129}},"type":"cond-expr","locations":[{"start":{"line":248,"column":63},"end":{"line":248,"column":96}},{"start":{"line":248,"column":96},"end":{"line":248,"column":129}}],"line":248},"33":{"loc":{"start":{"line":254,"column":19},"end":{"line":256,"column":null}},"type":"binary-expr","locations":[{"start":{"line":254,"column":19},"end":{"line":254,"column":null}},{"start":{"line":255,"column":20},"end":{"line":256,"column":null}}],"line":254},"34":{"loc":{"start":{"line":267,"column":9},"end":{"line":276,"column":null}},"type":"binary-expr","locations":[{"start":{"line":267,"column":9},"end":{"line":267,"column":null}},{"start":{"line":268,"column":10},"end":{"line":276,"column":null}}],"line":267},"35":{"loc":{"start":{"line":301,"column":22},"end":{"line":301,"column":46}},"type":"binary-expr","locations":[{"start":{"line":301,"column":22},"end":{"line":301,"column":33}},{"start":{"line":301,"column":33},"end":{"line":301,"column":46}}],"line":301}},"s":{"0":4,"1":96,"2":96,"3":96,"4":96,"5":96,"6":96,"7":96,"8":96,"9":96,"10":49,"11":96,"12":23,"13":23,"14":23,"15":0,"16":0,"17":96,"18":13,"19":13,"20":0,"21":13,"22":13,"23":13,"24":13,"25":13,"26":13,"27":13,"28":13,"29":12,"30":1,"31":0,"32":1,"33":11,"34":11,"35":11,"36":2,"37":2,"38":13,"39":96,"40":2,"41":1,"42":1,"43":96,"44":1,"45":0,"46":0,"47":1,"48":1,"49":1,"50":1,"51":1,"52":1,"53":1,"54":1,"55":0,"56":1,"57":0,"58":0,"59":0,"60":0,"61":0,"62":0,"63":0,"64":0,"65":0,"66":1,"67":1,"68":96,"69":4,"70":1,"71":1,"72":1,"73":1,"74":1,"75":3,"76":3,"77":3,"78":3,"79":3,"80":3,"81":1,"82":0,"83":1,"84":2,"85":2,"86":2,"87":1,"88":1,"89":96,"90":96,"91":360,"92":1,"93":57,"94":1,"95":4,"96":11,"97":11,"98":14},"f":{"0":4,"1":96,"2":49,"3":23,"4":13,"5":13,"6":0,"7":11,"8":2,"9":2,"10":1,"11":1,"12":0,"13":0,"14":0,"15":0,"16":1,"17":4,"18":1,"19":3,"20":0,"21":2,"22":1,"23":360,"24":1,"25":57,"26":1,"27":4,"28":11,"29":14},"b":{"0":[96,0],"1":[0,23],"2":[13,12],"3":[0,13],"4":[13,13],"5":[1,11],"6":[1,0],"7":[1,1],"8":[2,2],"9":[0,1],"10":[1,0],"11":[1,0],"12":[1,3],"13":[1,2],"14":[1,0],"15":[96,60],"16":[35,22],"17":[2,55],"18":[35,22],"19":[35,22],"20":[22,35],"21":[22,3],"22":[22,2],"23":[22,1],"24":[22,20],"25":[0,20],"26":[1,19],"27":[0,19],"28":[1,19],"29":[0,19],"30":[20,19],"31":[2,17],"32":[2,17],"33":[22,1],"34":[96,13],"35":[96,82]},"meta":{"lastBranch":36,"lastFunction":30,"lastStatement":99,"seen":{"f:7:9:7:23":0,"s:8:2:14:Infinity":0,"f:17:29:17:34":1,"s:18:22:18:Infinity":1,"b:18:22:18:60:18:60:18:Infinity":0,"s:19:19:19:46":2,"s:20:16:20:40":3,"s:21:18:21:47":4,"s:23:19:23:46":5,"s:25:29:25:66":6,"s:26:8:26:32":7,"s:27:8:27:31":8,"s:29:2:31:Infinity":9,"f:29:2:29:18":2,"s:30:4:30:Infinity":10,"s:34:2:41:Infinity":11,"f:34:2:34:18":3,"s:35:4:35:Infinity":12,"s:36:4:36:Infinity":13,"b:37:4:39:Infinity:undefined:undefined:undefined:undefined":1,"s:37:4:39:Infinity":14,"s:38:6:38:Infinity":15,"s:39:6:39:Infinity":16,"s:43:8:82:31":17,"f:43:49:43:61":4,"s:44:10:44:40":18,"b:44:15:44:27:44:27:44:34":2,"b:45:4:45:Infinity:undefined:undefined:undefined:undefined":3,"s:45:4:45:Infinity":19,"b:45:8:45:14:45:14:45:23":4,"s:45:23:45:Infinity":20,"s:47:20:47:Infinity":21,"s:48:4:48:Infinity":22,"f:48:4:48:17":5,"s:48:26:48:44":23,"s:49:4:49:Infinity":24,"s:50:4:50:Infinity":25,"s:51:4:51:Infinity":26,"s:53:4:80:Infinity":27,"s:54:18:58:8":28,"b:60:6:62:Infinity:undefined:undefined:undefined:undefined":5,"s:60:6:62:Infinity":29,"s:61:20:61:78":30,"f:61:37:61:50":6,"s:61:50:61:76":31,"s:62:8:62:Infinity":32,"b:62:24:62:38:62:38:62:59":6,"s:65:19:65:35":33,"s:66:6:73:Infinity":34,"f:66:6:66:19":7,"s:66:28:72:Infinity":35,"s:75:6:78:Infinity":36,"f:75:6:75:19":8,"s:75:28:77:Infinity":37,"s:80:6:80:Infinity":38,"s:84:8:89:19":39,"f:84:45:84:59":9,"b:85:4:87:Infinity:undefined:undefined:undefined:undefined":7,"s:85:4:87:Infinity":40,"b:85:8:85:29:85:29:85:42":8,"s:86:6:86:Infinity":41,"s:87:6:87:Infinity":42,"s:91:8:123:15":43,"f:91:50:91:63":10,"b:93:4:95:Infinity:undefined:undefined:undefined:undefined":9,"s:93:4:95:Infinity":44,"s:94:6:94:Infinity":45,"s:95:6:95:Infinity":46,"s:98:4:98:Infinity":47,"f:98:4:98:17":11,"s:98:27:98:63":48,"s:99:4:99:Infinity":49,"s:101:4:121:Infinity":50,"s:102:20:102:54":51,"s:103:18:107:8":52,"b:109:6:111:Infinity:undefined:undefined:undefined:undefined":10,"s:109:6:111:Infinity":53,"s:110:20:110:76":54,"f:110:37:110:50":12,"s:110:50:110:74":55,"s:111:8:111:Infinity":56,"b:111:24:111:38:111:38:111:59":11,"s:114:19:114:35":57,"s:115:20:115:75":58,"s:116:6:116:Infinity":59,"s:117:6:117:Infinity":60,"s:118:6:118:Infinity":61,"f:118:6:118:19":13,"s:118:29:118:65":62,"s:119:6:119:Infinity":63,"f:119:12:119:28":14,"s:119:28:119:82":64,"f:119:28:119:41":15,"s:119:51:119:82":65,"s:121:6:121:Infinity":66,"f:121:6:121:19":16,"s:121:29:121:63":67,"s:125:8:162:35":68,"f:125:53:125:69":17,"b:127:4:133:Infinity:undefined:undefined:undefined:undefined":12,"s:127:4:133:Infinity":69,"s:128:6:132:Infinity":70,"f:128:6:128:29":18,"s:129:21:129:32":71,"s:130:8:130:Infinity":72,"s:131:8:131:Infinity":73,"s:133:6:133:Infinity":74,"s:136:4:136:Infinity":75,"f:136:4:136:27":19,"s:136:37:136:81":76,"s:137:4:137:Infinity":77,"s:139:4:160:Infinity":78,"s:140:18:144:8":79,"b:146:6:148:Infinity:undefined:undefined:undefined:undefined":13,"s:146:6:148:Infinity":80,"s:147:20:147:84":81,"f:147:37:147:50":20,"s:147:50:147:82":82,"s:148:8:148:Infinity":83,"b:148:24:148:38:148:38:148:59":14,"s:151:19:151:35":84,"s:152:6:155:Infinity":85,"f:152:6:152:29":21,"s:152:39:155:9":86,"s:157:6:160:Infinity":87,"f:157:6:157:29":22,"s:157:39:160:9":88,"s:164:30:164:Infinity":89,"s:166:2:309:Infinity":90,"b:170:9:170:Infinity:171:10:189:Infinity":15,"f:180:27:180:32":23,"s:181:16:187:Infinity":91,"f:183:18:183:33":24,"s:183:33:183:47":92,"f:193:18:193:23":25,"s:194:10:264:Infinity":93,"b:196:53:196:69:196:69:196:Infinity":16,"b:197:32:197:42:197:42:197:Infinity":17,"b:202:20:202:Infinity:203:20:203:Infinity":18,"b:205:43:205:78:205:81:205:Infinity":19,"b:208:16:261:17:261:16:261:Infinity":20,"b:212:19:212:Infinity:213:20:213:Infinity":21,"b:215:19:215:Infinity:216:20:218:Infinity":22,"b:221:19:221:Infinity:222:20:222:Infinity":23,"b:226:19:226:Infinity:227:20:248:Infinity":24,"f:229:24:229:39":26,"s:229:39:229:67":94,"b:231:64:231:82:231:82:231:Infinity":25,"b:235:53:235:59:235:59:235:Infinity":26,"b:235:87:235:94:235:94:235:Infinity":27,"b:236:59:236:72:236:72:236:128":28,"b:236:100:236:112:236:112:236:128":29,"b:239:23:239:Infinity:240:24:248:Infinity":30,"f:241:26:241:41":27,"s:241:41:241:72":95,"b:243:68:243:113:243:113:243:Infinity":31,"b:248:63:248:96:248:96:248:129":32,"b:254:19:254:Infinity:255:20:256:Infinity":33,"b:267:9:267:Infinity:268:10:276:Infinity":34,"f:283:47:283:58":28,"s:283:66:283:86":96,"s:283:86:283:104":97,"f:290:12:290:23":29,"s:290:29:290:53":98,"b:301:22:301:33:301:33:301:46":35}}}
,"/Users/skamboj/sh/pw/election_process_edu/frontend/src/components/ElectionTimeline.jsx": {"path":"/Users/skamboj/sh/pw/election_process_edu/frontend/src/components/ElectionTimeline.jsx","statementMap":{"0":{"start":{"line":5,"column":21},"end":{"line":5,"column":null}},"1":{"start":{"line":8,"column":14},"end":{"line":10,"column":null}},"2":{"start":{"line":12,"column":2},"end":{"line":28,"column":null}},"3":{"start":{"line":34,"column":16},"end":{"line":34,"column":null}},"4":{"start":{"line":36,"column":2},"end":{"line":78,"column":null}},"5":{"start":{"line":48,"column":10},"end":{"line":74,"column":null}},"6":{"start":{"line":58,"column":16},"end":{"line":71,"column":null}}},"fnMap":{"0":{"name":"CountryMap","decl":{"start":{"line":7,"column":9},"end":{"line":7,"column":20}},"loc":{"start":{"line":7,"column":33},"end":{"line":28,"column":null}},"line":7},"1":{"name":"ElectionTimeline","decl":{"start":{"line":33,"column":29},"end":{"line":33,"column":46}},"loc":{"start":{"line":33,"column":59},"end":{"line":81,"column":null}},"line":33},"2":{"name":"(anonymous_2)","decl":{"start":{"line":47,"column":15},"end":{"line":47,"column":20}},"loc":{"start":{"line":48,"column":10},"end":{"line":74,"column":null}},"line":48},"3":{"name":"(anonymous_3)","decl":{"start":{"line":57,"column":27},"end":{"line":57,"column":32}},"loc":{"start":{"line":58,"column":16},"end":{"line":71,"column":null}},"line":58}},"branchMap":{"0":{"loc":{"start":{"line":5,"column":21},"end":{"line":5,"column":null}},"type":"binary-expr","locations":[{"start":{"line":5,"column":21},"end":{"line":5,"column":65}},{"start":{"line":5,"column":65},"end":{"line":5,"column":null}}],"line":5},"1":{"loc":{"start":{"line":8,"column":14},"end":{"line":10,"column":null}},"type":"cond-expr","locations":[{"start":{"line":9,"column":6},"end":{"line":9,"column":null}},{"start":{"line":10,"column":6},"end":{"line":10,"column":null}}],"line":8},"2":{"loc":{"start":{"line":34,"column":16},"end":{"line":34,"column":null}},"type":"binary-expr","locations":[{"start":{"line":34,"column":16},"end":{"line":34,"column":41}},{"start":{"line":34,"column":41},"end":{"line":34,"column":null}}],"line":34}},"s":{"0":2,"1":14,"2":14,"3":16,"4":16,"5":84,"6":180},"f":{"0":14,"1":16,"2":84,"3":180},"b":{"0":[2,2],"1":[0,14],"2":[16,0]},"meta":{"lastBranch":3,"lastFunction":4,"lastStatement":7,"seen":{"s:5:21:5:Infinity":0,"b:5:21:5:65:5:65:5:Infinity":0,"f:7:9:7:20":0,"s:8:14:10:Infinity":1,"b:9:6:9:Infinity:10:6:10:Infinity":1,"s:12:2:28:Infinity":2,"f:33:29:33:46":1,"s:34:16:34:Infinity":3,"b:34:16:34:41:34:41:34:Infinity":2,"s:36:2:78:Infinity":4,"f:47:15:47:20":2,"s:48:10:74:Infinity":5,"f:57:27:57:32":3,"s:58:16:71:Infinity":6}}}
,"/Users/skamboj/sh/pw/election_process_edu/frontend/src/components/TopicCards.jsx": {"path":"/Users/skamboj/sh/pw/election_process_edu/frontend/src/components/TopicCards.jsx","statementMap":{"0":{"start":{"line":5,"column":17},"end":{"line":5,"column":null}},"1":{"start":{"line":7,"column":2},"end":{"line":33,"column":null}},"2":{"start":{"line":17,"column":10},"end":{"line":31,"column":null}}},"fnMap":{"0":{"name":"TopicCards","decl":{"start":{"line":4,"column":29},"end":{"line":4,"column":40}},"loc":{"start":{"line":4,"column":53},"end":{"line":36,"column":null}},"line":4},"1":{"name":"(anonymous_1)","decl":{"start":{"line":16,"column":16},"end":{"line":16,"column":21}},"loc":{"start":{"line":17,"column":10},"end":{"line":31,"column":null}},"line":17}},"branchMap":{"0":{"loc":{"start":{"line":5,"column":17},"end":{"line":5,"column":null}},"type":"binary-expr","locations":[{"start":{"line":5,"column":17},"end":{"line":5,"column":50}},{"start":{"line":5,"column":50},"end":{"line":5,"column":null}}],"line":5}},"s":{"0":7,"1":7,"2":70},"f":{"0":7,"1":70},"b":{"0":[7,0]},"meta":{"lastBranch":1,"lastFunction":2,"lastStatement":3,"seen":{"f:4:29:4:40":0,"s:5:17:5:Infinity":0,"b:5:17:5:50:5:50:5:Infinity":0,"s:7:2:33:Infinity":1,"f:16:16:16:21":1,"s:17:10:31:Infinity":2}}}
,"/Users/skamboj/sh/pw/election_process_edu/frontend/src/components/YouTubeVideos.jsx": {"path":"/Users/skamboj/sh/pw/election_process_edu/frontend/src/components/YouTubeVideos.jsx","statementMap":{"0":{"start":{"line":3,"column":24},"end":{"line":144,"column":null}},"1":{"start":{"line":147,"column":23},"end":{"line":147,"column":null}},"2":{"start":{"line":150,"column":18},"end":{"line":150,"column":47}},"3":{"start":{"line":152,"column":2},"end":{"line":163,"column":null}},"4":{"start":{"line":153,"column":4},"end":{"line":163,"column":null}},"5":{"start":{"line":167,"column":2},"end":{"line":195,"column":null}},"6":{"start":{"line":169,"column":21},"end":{"line":169,"column":37}},"7":{"start":{"line":202,"column":17},"end":{"line":202,"column":42}},"8":{"start":{"line":203,"column":17},"end":{"line":203,"column":46}},"9":{"start":{"line":205,"column":2},"end":{"line":236,"column":null}},"10":{"start":{"line":206,"column":4},"end":{"line":206,"column":null}},"11":{"start":{"line":207,"column":4},"end":{"line":207,"column":null}},"12":{"start":{"line":209,"column":23},"end":{"line":209,"column":44}},"13":{"start":{"line":210,"column":22},"end":{"line":210,"column":64}},"14":{"start":{"line":210,"column":39},"end":{"line":210,"column":57}},"15":{"start":{"line":212,"column":4},"end":{"line":233,"column":null}},"16":{"start":{"line":214,"column":8},"end":{"line":214,"column":null}},"17":{"start":{"line":214,"column":32},"end":{"line":214,"column":58}},"18":{"start":{"line":214,"column":58},"end":{"line":214,"column":null}},"19":{"start":{"line":215,"column":8},"end":{"line":215,"column":null}},"20":{"start":{"line":215,"column":19},"end":{"line":215,"column":null}},"21":{"start":{"line":216,"column":8},"end":{"line":216,"column":null}},"22":{"start":{"line":219,"column":8},"end":{"line":219,"column":null}},"23":{"start":{"line":219,"column":19},"end":{"line":219,"column":null}},"24":{"start":{"line":220,"column":24},"end":{"line":220,"column":41}},"25":{"start":{"line":221,"column":8},"end":{"line":226,"column":null}},"26":{"start":{"line":222,"column":10},"end":{"line":222,"column":null}},"27":{"start":{"line":223,"column":10},"end":{"line":223,"column":null}},"28":{"start":{"line":225,"column":10},"end":{"line":225,"column":null}},"29":{"start":{"line":226,"column":10},"end":{"line":226,"column":null}},"30":{"start":{"line":230,"column":8},"end":{"line":230,"column":null}},"31":{"start":{"line":231,"column":8},"end":{"line":231,"column":null}},"32":{"start":{"line":233,"column":21},"end":{"line":233,"column":44}},"33":{"start":{"line":235,"column":4},"end":{"line":235,"column":null}},"34":{"start":{"line":235,"column":19},"end":{"line":235,"column":39}},"35":{"start":{"line":235,"column":39},"end":{"line":235,"column":null}},"36":{"start":{"line":238,"column":2},"end":{"line":238,"column":null}},"37":{"start":{"line":238,"column":32},"end":{"line":238,"column":null}},"38":{"start":{"line":240,"column":2},"end":{"line":271,"column":null}},"39":{"start":{"line":254,"column":12},"end":{"line":260,"column":null}},"40":{"start":{"line":269,"column":12},"end":{"line":269,"column":null}}},"fnMap":{"0":{"name":"VideoCard","decl":{"start":{"line":149,"column":9},"end":{"line":149,"column":19}},"loc":{"start":{"line":149,"column":38},"end":{"line":195,"column":null}},"line":149},"1":{"name":"(anonymous_1)","decl":{"start":{"line":169,"column":6},"end":{"line":169,"column":21}},"loc":{"start":{"line":169,"column":21},"end":{"line":169,"column":37}},"line":169},"2":{"name":"YouTubeVideos","decl":{"start":{"line":201,"column":29},"end":{"line":201,"column":43}},"loc":{"start":{"line":201,"column":56},"end":{"line":275,"column":null}},"line":201},"3":{"name":"(anonymous_3)","decl":{"start":{"line":205,"column":2},"end":{"line":205,"column":18}},"loc":{"start":{"line":205,"column":18},"end":{"line":236,"column":6}},"line":205},"4":{"name":"(anonymous_4)","decl":{"start":{"line":210,"column":22},"end":{"line":210,"column":39}},"loc":{"start":{"line":210,"column":39},"end":{"line":210,"column":57}},"line":210},"5":{"name":"(anonymous_5)","decl":{"start":{"line":213,"column":7},"end":{"line":213,"column":13}},"loc":{"start":{"line":213,"column":19},"end":{"line":217,"column":null}},"line":213},"6":{"name":"(anonymous_6)","decl":{"start":{"line":218,"column":7},"end":{"line":218,"column":13}},"loc":{"start":{"line":218,"column":22},"end":{"line":228,"column":null}},"line":218},"7":{"name":"(anonymous_7)","decl":{"start":{"line":229,"column":7},"end":{"line":229,"column":19}},"loc":{"start":{"line":229,"column":19},"end":{"line":232,"column":null}},"line":229},"8":{"name":"(anonymous_8)","decl":{"start":{"line":233,"column":7},"end":{"line":233,"column":21}},"loc":{"start":{"line":233,"column":21},"end":{"line":233,"column":44}},"line":233},"9":{"name":"(anonymous_9)","decl":{"start":{"line":235,"column":4},"end":{"line":235,"column":17}},"loc":{"start":{"line":235,"column":17},"end":{"line":235,"column":null}},"line":235},"10":{"name":"(anonymous_10)","decl":{"start":{"line":253,"column":24},"end":{"line":253,"column":29}},"loc":{"start":{"line":254,"column":12},"end":{"line":260,"column":null}},"line":254},"11":{"name":"(anonymous_11)","decl":{"start":{"line":268,"column":18},"end":{"line":268,"column":23}},"loc":{"start":{"line":269,"column":12},"end":{"line":269,"column":null}},"line":269}},"branchMap":{"0":{"loc":{"start":{"line":152,"column":2},"end":{"line":163,"column":null}},"type":"if","locations":[{"start":{"line":152,"column":2},"end":{"line":163,"column":null}},{"start":{},"end":{}}],"line":152},"1":{"loc":{"start":{"line":152,"column":6},"end":{"line":152,"column":52}},"type":"binary-expr","locations":[{"start":{"line":152,"column":6},"end":{"line":152,"column":17}},{"start":{"line":152,"column":17},"end":{"line":152,"column":52}}],"line":152},"2":{"loc":{"start":{"line":175,"column":9},"end":{"line":185,"column":9}},"type":"binary-expr","locations":[{"start":{"line":175,"column":9},"end":{"line":175,"column":null}},{"start":{"line":176,"column":10},"end":{"line":185,"column":9}}],"line":175},"3":{"loc":{"start":{"line":214,"column":8},"end":{"line":214,"column":null}},"type":"if","locations":[{"start":{"line":214,"column":8},"end":{"line":214,"column":null}},{"start":{},"end":{}}],"line":214},"4":{"loc":{"start":{"line":215,"column":8},"end":{"line":215,"column":null}},"type":"if","locations":[{"start":{"line":215,"column":8},"end":{"line":215,"column":null}},{"start":{},"end":{}}],"line":215},"5":{"loc":{"start":{"line":219,"column":8},"end":{"line":219,"column":null}},"type":"if","locations":[{"start":{"line":219,"column":8},"end":{"line":219,"column":null}},{"start":{},"end":{}}],"line":219},"6":{"loc":{"start":{"line":220,"column":24},"end":{"line":220,"column":41}},"type":"binary-expr","locations":[{"start":{"line":220,"column":24},"end":{"line":220,"column":39}},{"start":{"line":220,"column":39},"end":{"line":220,"column":41}}],"line":220},"7":{"loc":{"start":{"line":221,"column":8},"end":{"line":226,"column":null}},"type":"if","locations":[{"start":{"line":221,"column":8},"end":{"line":226,"column":null}},{"start":{"line":224,"column":15},"end":{"line":226,"column":null}}],"line":221},"8":{"loc":{"start":{"line":225,"column":20},"end":{"line":225,"column":75}},"type":"binary-expr","locations":[{"start":{"line":225,"column":20},"end":{"line":225,"column":51}},{"start":{"line":225,"column":51},"end":{"line":225,"column":75}}],"line":225},"9":{"loc":{"start":{"line":230,"column":18},"end":{"line":230,"column":73}},"type":"binary-expr","locations":[{"start":{"line":230,"column":18},"end":{"line":230,"column":49}},{"start":{"line":230,"column":49},"end":{"line":230,"column":73}}],"line":230},"10":{"loc":{"start":{"line":238,"column":2},"end":{"line":238,"column":null}},"type":"if","locations":[{"start":{"line":238,"column":2},"end":{"line":238,"column":null}},{"start":{},"end":{}}],"line":238},"11":{"loc":{"start":{"line":251,"column":7},"end":{"line":262,"column":null}},"type":"binary-expr","locations":[{"start":{"line":251,"column":7},"end":{"line":251,"column":null}},{"start":{"line":252,"column":8},"end":{"line":262,"column":null}}],"line":251},"12":{"loc":{"start":{"line":266,"column":7},"end":{"line":271,"column":null}},"type":"binary-expr","locations":[{"start":{"line":266,"column":7},"end":{"line":266,"column":null}},{"start":{"line":267,"column":8},"end":{"line":271,"column":null}}],"line":266}},"s":{"0":3,"1":3,"2":17,"3":17,"4":1,"5":16,"6":1,"7":57,"8":57,"9":57,"10":22,"11":22,"12":22,"13":22,"14":0,"15":22,"16":6,"17":1,"18":1,"19":5,"20":5,"21":5,"22":6,"23":1,"24":5,"25":6,"26":4,"27":4,"28":1,"29":1,"30":15,"31":15,"32":21,"33":22,"34":22,"35":22,"36":57,"37":1,"38":54,"39":88,"40":16},"f":{"0":17,"1":1,"2":57,"3":22,"4":0,"5":6,"6":6,"7":15,"8":21,"9":22,"10":88,"11":16},"b":{"0":[1,16],"1":[17,1],"2":[16,16],"3":[1,5],"4":[0,5],"5":[1,5],"6":[5,0],"7":[4,1],"8":[1,1],"9":[15,14],"10":[1,56],"11":[54,22],"12":[57,10]},"meta":{"lastBranch":13,"lastFunction":12,"lastStatement":41,"seen":{"s:3:24:144:Infinity":0,"s:147:23:147:Infinity":1,"f:149:9:149:19":0,"s:150:18:150:47":2,"b:152:2:163:Infinity:undefined:undefined:undefined:undefined":0,"s:152:2:163:Infinity":3,"b:152:6:152:17:152:17:152:52":1,"s:153:4:163:Infinity":4,"s:167:2:195:Infinity":5,"f:169:6:169:21":1,"s:169:21:169:37":6,"b:175:9:175:Infinity:176:10:185:9":2,"f:201:29:201:43":2,"s:202:17:202:42":7,"s:203:17:203:46":8,"s:205:2:236:Infinity":9,"f:205:2:205:18":3,"s:206:4:206:Infinity":10,"s:207:4:207:Infinity":11,"s:209:23:209:44":12,"s:210:22:210:64":13,"f:210:22:210:39":4,"s:210:39:210:57":14,"s:212:4:233:Infinity":15,"f:213:7:213:13":5,"b:214:8:214:Infinity:undefined:undefined:undefined:undefined":3,"s:214:8:214:Infinity":16,"s:214:32:214:58":17,"s:214:58:214:Infinity":18,"b:215:8:215:Infinity:undefined:undefined:undefined:undefined":4,"s:215:8:215:Infinity":19,"s:215:19:215:Infinity":20,"s:216:8:216:Infinity":21,"f:218:7:218:13":6,"b:219:8:219:Infinity:undefined:undefined:undefined:undefined":5,"s:219:8:219:Infinity":22,"s:219:19:219:Infinity":23,"s:220:24:220:41":24,"b:220:24:220:39:220:39:220:41":6,"b:221:8:226:Infinity:224:15:226:Infinity":7,"s:221:8:226:Infinity":25,"s:222:10:222:Infinity":26,"s:223:10:223:Infinity":27,"s:225:10:225:Infinity":28,"b:225:20:225:51:225:51:225:75":8,"s:226:10:226:Infinity":29,"f:229:7:229:19":7,"s:230:8:230:Infinity":30,"b:230:18:230:49:230:49:230:73":9,"s:231:8:231:Infinity":31,"f:233:7:233:21":8,"s:233:21:233:44":32,"s:235:4:235:Infinity":33,"f:235:4:235:17":9,"s:235:19:235:39":34,"s:235:39:235:Infinity":35,"b:238:2:238:Infinity:undefined:undefined:undefined:undefined":10,"s:238:2:238:Infinity":36,"s:238:32:238:Infinity":37,"s:240:2:271:Infinity":38,"b:251:7:251:Infinity:252:8:262:Infinity":11,"f:253:24:253:29":10,"s:254:12:260:Infinity":39,"b:266:7:266:Infinity:267:8:271:Infinity":12,"f:268:18:268:23":11,"s:269:12:269:Infinity":40}}}
,"/Users/skamboj/sh/pw/election_process_edu/frontend/src/data/countries.js": {"path":"/Users/skamboj/sh/pw/election_process_edu/frontend/src/data/countries.js","statementMap":{"0":{"start":{"line":6,"column":18},"end":{"line":137,"column":1}}},"fnMap":{},"branchMap":{},"s":{"0":1},"f":{},"b":{},"meta":{"lastBranch":0,"lastFunction":0,"lastStatement":1,"seen":{"s:6:18:137:1":0}}}
,"/Users/skamboj/sh/pw/election_process_edu/frontend/src/data/suggestions.js": {"path":"/Users/skamboj/sh/pw/election_process_edu/frontend/src/data/suggestions.js","statementMap":{"0":{"start":{"line":5,"column":31},"end":{"line":86,"column":1}}},"fnMap":{},"branchMap":{},"s":{"0":2},"f":{},"b":{},"meta":{"lastBranch":0,"lastFunction":0,"lastStatement":1,"seen":{"s:5:31:86:1":0}}}
,"/Users/skamboj/sh/pw/election_process_edu/frontend/src/data/timelines.js": {"path":"/Users/skamboj/sh/pw/election_process_edu/frontend/src/data/timelines.js","statementMap":{"0":{"start":{"line":6,"column":18},"end":{"line":429,"column":1}}},"fnMap":{},"branchMap":{},"s":{"0":2},"f":{},"b":{},"meta":{"lastBranch":0,"lastFunction":0,"lastStatement":1,"seen":{"s:6:18:429:1":0}}}
,"/Users/skamboj/sh/pw/election_process_edu/frontend/src/data/topics.js": {"path":"/Users/skamboj/sh/pw/election_process_edu/frontend/src/data/topics.js","statementMap":{"0":{"start":{"line":5,"column":26},"end":{"line":135,"column":1}}},"fnMap":{},"branchMap":{},"s":{"0":2},"f":{},"b":{},"meta":{"lastBranch":0,"lastFunction":0,"lastStatement":1,"seen":{"s:5:26:135:1":0}}}
,"/Users/skamboj/sh/pw/election_process_edu/frontend/src/utils/analytics.js": {"path":"/Users/skamboj/sh/pw/election_process_edu/frontend/src/utils/analytics.js","statementMap":{"0":{"start":{"line":12,"column":2},"end":{"line":14,"column":null}},"1":{"start":{"line":13,"column":4},"end":{"line":13,"column":null}},"2":{"start":{"line":23,"column":2},"end":{"line":27,"column":null}},"3":{"start":{"line":36,"column":2},"end":{"line":40,"column":null}},"4":{"start":{"line":48,"column":2},"end":{"line":51,"column":null}},"5":{"start":{"line":60,"column":2},"end":{"line":64,"column":null}},"6":{"start":{"line":72,"column":2},"end":{"line":75,"column":null}}},"fnMap":{"0":{"name":"trackEvent","decl":{"start":{"line":11,"column":16},"end":{"line":11,"column":26}},"loc":{"start":{"line":11,"column":46},"end":{"line":15,"column":null}},"line":11},"1":{"name":"trackQuestionAsked","decl":{"start":{"line":22,"column":16},"end":{"line":22,"column":34}},"loc":{"start":{"line":22,"column":60},"end":{"line":28,"column":null}},"line":22},"2":{"name":"trackCountryChanged","decl":{"start":{"line":35,"column":16},"end":{"line":35,"column":35}},"loc":{"start":{"line":35,"column":60},"end":{"line":41,"column":null}},"line":35},"3":{"name":"trackTabChanged","decl":{"start":{"line":47,"column":16},"end":{"line":47,"column":31}},"loc":{"start":{"line":47,"column":37},"end":{"line":52,"column":null}},"line":47},"4":{"name":"trackTranslate","decl":{"start":{"line":59,"column":16},"end":{"line":59,"column":30}},"loc":{"start":{"line":59,"column":56},"end":{"line":65,"column":null}},"line":59},"5":{"name":"trackListenTTS","decl":{"start":{"line":71,"column":16},"end":{"line":71,"column":30}},"loc":{"start":{"line":71,"column":40},"end":{"line":76,"column":null}},"line":71}},"branchMap":{"0":{"loc":{"start":{"line":11,"column":33},"end":{"line":11,"column":44}},"type":"default-arg","locations":[{"start":{"line":11,"column":42},"end":{"line":11,"column":44}}],"line":11},"1":{"loc":{"start":{"line":12,"column":2},"end":{"line":14,"column":null}},"type":"if","locations":[{"start":{"line":12,"column":2},"end":{"line":14,"column":null}},{"start":{},"end":{}}],"line":12},"2":{"loc":{"start":{"line":12,"column":6},"end":{"line":12,"column":72}},"type":"binary-expr","locations":[{"start":{"line":12,"column":6},"end":{"line":12,"column":35}},{"start":{"line":12,"column":39},"end":{"line":12,"column":72}}],"line":12}},"s":{"0":26,"1":6,"2":14,"3":1,"4":3,"5":4,"6":2},"f":{"0":26,"1":14,"2":1,"3":3,"4":4,"5":2},"b":{"0":[26],"1":[6,20],"2":[26,26]},"meta":{"lastBranch":3,"lastFunction":6,"lastStatement":7,"seen":{"f:11:16:11:26":0,"b:11:42:11:44":0,"b:12:2:14:Infinity:undefined:undefined:undefined:undefined":1,"s:12:2:14:Infinity":0,"b:12:6:12:35:12:39:12:72":2,"s:13:4:13:Infinity":1,"f:22:16:22:34":1,"s:23:2:27:Infinity":2,"f:35:16:35:35":2,"s:36:2:40:Infinity":3,"f:47:16:47:31":3,"s:48:2:51:Infinity":4,"f:59:16:59:30":4,"s:60:2:64:Infinity":5,"f:71:16:71:30":5,"s:72:2:75:Infinity":6}}}
}
